{"level":30,"time":1685364853660,"pid":8612,"hostname":"HKA-laptop","class":"UserService","msg":"users=[{\"userId\":1,\"username\":\"admin\",\"password\":\"$argon2i$v=19$m=4096,t=3,p=1$aaxA2v/9rRSPGkwYN+NQog$27Huii1XtD3iEd62fog+04G26LRPZMHoYCI6AGKTL8M\",\"email\":\"admin@acme.com\",\"roles\":[\"admin\",\"mitarbeiter\"]},{\"userId\":2,\"username\":\"adriana.alpha\",\"password\":\"$argon2i$v=19$m=4096,t=3,p=1$aaxA2v/9rRSPGkwYN+NQog$27Huii1XtD3iEd62fog+04G26LRPZMHoYCI6AGKTL8M\",\"email\":\"adriana.alpha@acme.com\",\"roles\":[\"admin\",\"mitarbeiter\"]},{\"userId\":3,\"username\":\"alfred.alpha\",\"password\":\"$argon2i$v=19$m=4096,t=3,p=1$aaxA2v/9rRSPGkwYN+NQog$27Huii1XtD3iEd62fog+04G26LRPZMHoYCI6AGKTL8M\",\"email\":\"alfred.alpha@acme.com\",\"roles\":[\"mitarbeiter\"]},{\"userId\":4,\"username\":\"antonia.alpha\",\"password\":\"$argon2i$v=19$m=4096,t=3,p=1$aaxA2v/9rRSPGkwYN+NQog$27Huii1XtD3iEd62fog+04G26LRPZMHoYCI6AGKTL8M\",\"email\":\"antonia.alpha@acme.com\",\"roles\":[\"mitarbeiter\"]},{\"userId\":5,\"username\":\"dirk.delta\",\"password\":\"$argon2i$v=19$m=4096,t=3,p=1$aaxA2v/9rRSPGkwYN+NQog$27Huii1XtD3iEd62fog+04G26LRPZMHoYCI6AGKTL8M\",\"email\":\"dirk.delta@acme.com\",\"roles\":[\"kunde\"]},{\"userId\":6,\"username\":\"emilia.epsilon\",\"password\":\"$argon2i$v=19$m=4096,t=3,p=1$aaxA2v/9rRSPGkwYN+NQog$27Huii1XtD3iEd62fog+04G26LRPZMHoYCI6AGKTL8M\",\"email\":\"emilia.epsilon@acme.com\",\"roles\":[\"kunde\"]}]"}
{"level":40,"time":1685364854240,"pid":8612,"hostname":"HKA-laptop","class":"DbPopulateService","msg":"postgres: DB wird neu geladen"}
{"level":40,"time":1685364855328,"pid":8612,"hostname":"HKA-laptop","class":"DbPopulateService","msg":"DB wurde neu geladen"}
{"level":30,"time":1685364855329,"pid":8612,"hostname":"HKA-laptop","class":"BannerService","msg":"Node: v19.7.0"}
{"level":30,"time":1685364855329,"pid":8612,"hostname":"HKA-laptop","class":"BannerService","msg":"NODE_ENV: test"}
{"level":30,"time":1685364855329,"pid":8612,"hostname":"HKA-laptop","class":"BannerService","msg":"Kubernetes: N/A"}
{"level":30,"time":1685364855329,"pid":8612,"hostname":"HKA-laptop","class":"BannerService","msg":"Rechnername: HKA-laptop"}
{"level":30,"time":1685364855329,"pid":8612,"hostname":"HKA-laptop","class":"BannerService","msg":"Port: 3000"}
{"level":30,"time":1685364855329,"pid":8612,"hostname":"HKA-laptop","class":"BannerService","msg":"HTTPS"}
{"level":30,"time":1685364855329,"pid":8612,"hostname":"HKA-laptop","class":"BannerService","msg":"DB-System: postgres"}
{"level":30,"time":1685364855329,"pid":8612,"hostname":"HKA-laptop","class":"BannerService","msg":"Betriebssystem: Windows_NT (10.0.22621)"}
{"level":30,"time":1685364855331,"pid":8612,"hostname":"HKA-laptop","class":"BannerService","msg":"Username: Janni"}
{"level":30,"time":1685364855331,"pid":8612,"hostname":"HKA-laptop","class":"BannerService","msg":"GraphQL playground: /graphql"}
{"level":40,"time":1685364855941,"pid":8612,"hostname":"HKA-laptop","class":"MailService","msg":"#sendmail: Mail deaktiviert"}
{"level":40,"time":1685364856074,"pid":8612,"hostname":"HKA-laptop","class":"MailService","msg":"#sendmail: Fehler {\"errno\":-4078,\"code\":\"ESOCKET\",\"syscall\":\"connect\",\"address\":\"127.0.0.1\",\"port\":5025,\"command\":\"CONN\"}"}
{"level":30,"time":1685364859419,"pid":8612,"hostname":"HKA-laptop","class":"UserService","msg":"users=[{\"userId\":1,\"username\":\"admin\",\"password\":\"$argon2i$v=19$m=4096,t=3,p=1$aaxA2v/9rRSPGkwYN+NQog$27Huii1XtD3iEd62fog+04G26LRPZMHoYCI6AGKTL8M\",\"email\":\"admin@acme.com\",\"roles\":[\"admin\",\"mitarbeiter\"]},{\"userId\":2,\"username\":\"adriana.alpha\",\"password\":\"$argon2i$v=19$m=4096,t=3,p=1$aaxA2v/9rRSPGkwYN+NQog$27Huii1XtD3iEd62fog+04G26LRPZMHoYCI6AGKTL8M\",\"email\":\"adriana.alpha@acme.com\",\"roles\":[\"admin\",\"mitarbeiter\"]},{\"userId\":3,\"username\":\"alfred.alpha\",\"password\":\"$argon2i$v=19$m=4096,t=3,p=1$aaxA2v/9rRSPGkwYN+NQog$27Huii1XtD3iEd62fog+04G26LRPZMHoYCI6AGKTL8M\",\"email\":\"alfred.alpha@acme.com\",\"roles\":[\"mitarbeiter\"]},{\"userId\":4,\"username\":\"antonia.alpha\",\"password\":\"$argon2i$v=19$m=4096,t=3,p=1$aaxA2v/9rRSPGkwYN+NQog$27Huii1XtD3iEd62fog+04G26LRPZMHoYCI6AGKTL8M\",\"email\":\"antonia.alpha@acme.com\",\"roles\":[\"mitarbeiter\"]},{\"userId\":5,\"username\":\"dirk.delta\",\"password\":\"$argon2i$v=19$m=4096,t=3,p=1$aaxA2v/9rRSPGkwYN+NQog$27Huii1XtD3iEd62fog+04G26LRPZMHoYCI6AGKTL8M\",\"email\":\"dirk.delta@acme.com\",\"roles\":[\"kunde\"]},{\"userId\":6,\"username\":\"emilia.epsilon\",\"password\":\"$argon2i$v=19$m=4096,t=3,p=1$aaxA2v/9rRSPGkwYN+NQog$27Huii1XtD3iEd62fog+04G26LRPZMHoYCI6AGKTL8M\",\"email\":\"emilia.epsilon@acme.com\",\"roles\":[\"kunde\"]}]"}
{"level":40,"time":1685364859647,"pid":8612,"hostname":"HKA-laptop","class":"DbPopulateService","msg":"postgres: DB wird neu geladen"}
{"level":40,"time":1685364860352,"pid":8612,"hostname":"HKA-laptop","class":"DbPopulateService","msg":"DB wurde neu geladen"}
{"level":30,"time":1685364860352,"pid":8612,"hostname":"HKA-laptop","class":"BannerService","msg":"Node: v19.7.0"}
{"level":30,"time":1685364860353,"pid":8612,"hostname":"HKA-laptop","class":"BannerService","msg":"NODE_ENV: test"}
{"level":30,"time":1685364860353,"pid":8612,"hostname":"HKA-laptop","class":"BannerService","msg":"Kubernetes: N/A"}
{"level":30,"time":1685364860353,"pid":8612,"hostname":"HKA-laptop","class":"BannerService","msg":"Rechnername: HKA-laptop"}
{"level":30,"time":1685364860353,"pid":8612,"hostname":"HKA-laptop","class":"BannerService","msg":"Port: 3000"}
{"level":30,"time":1685364860353,"pid":8612,"hostname":"HKA-laptop","class":"BannerService","msg":"HTTPS"}
{"level":30,"time":1685364860353,"pid":8612,"hostname":"HKA-laptop","class":"BannerService","msg":"DB-System: postgres"}
{"level":30,"time":1685364860353,"pid":8612,"hostname":"HKA-laptop","class":"BannerService","msg":"Betriebssystem: Windows_NT (10.0.22621)"}
{"level":30,"time":1685364860353,"pid":8612,"hostname":"HKA-laptop","class":"BannerService","msg":"Username: Janni"}
{"level":30,"time":1685364860353,"pid":8612,"hostname":"HKA-laptop","class":"BannerService","msg":"GraphQL playground: /graphql"}
{"level":30,"time":1685364863270,"pid":8612,"hostname":"HKA-laptop","class":"UserService","msg":"users=[{\"userId\":1,\"username\":\"admin\",\"password\":\"$argon2i$v=19$m=4096,t=3,p=1$aaxA2v/9rRSPGkwYN+NQog$27Huii1XtD3iEd62fog+04G26LRPZMHoYCI6AGKTL8M\",\"email\":\"admin@acme.com\",\"roles\":[\"admin\",\"mitarbeiter\"]},{\"userId\":2,\"username\":\"adriana.alpha\",\"password\":\"$argon2i$v=19$m=4096,t=3,p=1$aaxA2v/9rRSPGkwYN+NQog$27Huii1XtD3iEd62fog+04G26LRPZMHoYCI6AGKTL8M\",\"email\":\"adriana.alpha@acme.com\",\"roles\":[\"admin\",\"mitarbeiter\"]},{\"userId\":3,\"username\":\"alfred.alpha\",\"password\":\"$argon2i$v=19$m=4096,t=3,p=1$aaxA2v/9rRSPGkwYN+NQog$27Huii1XtD3iEd62fog+04G26LRPZMHoYCI6AGKTL8M\",\"email\":\"alfred.alpha@acme.com\",\"roles\":[\"mitarbeiter\"]},{\"userId\":4,\"username\":\"antonia.alpha\",\"password\":\"$argon2i$v=19$m=4096,t=3,p=1$aaxA2v/9rRSPGkwYN+NQog$27Huii1XtD3iEd62fog+04G26LRPZMHoYCI6AGKTL8M\",\"email\":\"antonia.alpha@acme.com\",\"roles\":[\"mitarbeiter\"]},{\"userId\":5,\"username\":\"dirk.delta\",\"password\":\"$argon2i$v=19$m=4096,t=3,p=1$aaxA2v/9rRSPGkwYN+NQog$27Huii1XtD3iEd62fog+04G26LRPZMHoYCI6AGKTL8M\",\"email\":\"dirk.delta@acme.com\",\"roles\":[\"kunde\"]},{\"userId\":6,\"username\":\"emilia.epsilon\",\"password\":\"$argon2i$v=19$m=4096,t=3,p=1$aaxA2v/9rRSPGkwYN+NQog$27Huii1XtD3iEd62fog+04G26LRPZMHoYCI6AGKTL8M\",\"email\":\"emilia.epsilon@acme.com\",\"roles\":[\"kunde\"]}]"}
{"level":40,"time":1685364863508,"pid":8612,"hostname":"HKA-laptop","class":"DbPopulateService","msg":"postgres: DB wird neu geladen"}
{"level":40,"time":1685364864297,"pid":8612,"hostname":"HKA-laptop","class":"DbPopulateService","msg":"DB wurde neu geladen"}
{"level":30,"time":1685364864298,"pid":8612,"hostname":"HKA-laptop","class":"BannerService","msg":"Node: v19.7.0"}
{"level":30,"time":1685364864298,"pid":8612,"hostname":"HKA-laptop","class":"BannerService","msg":"NODE_ENV: test"}
{"level":30,"time":1685364864298,"pid":8612,"hostname":"HKA-laptop","class":"BannerService","msg":"Kubernetes: N/A"}
{"level":30,"time":1685364864298,"pid":8612,"hostname":"HKA-laptop","class":"BannerService","msg":"Rechnername: HKA-laptop"}
{"level":30,"time":1685364864298,"pid":8612,"hostname":"HKA-laptop","class":"BannerService","msg":"Port: 3000"}
{"level":30,"time":1685364864298,"pid":8612,"hostname":"HKA-laptop","class":"BannerService","msg":"HTTPS"}
{"level":30,"time":1685364864298,"pid":8612,"hostname":"HKA-laptop","class":"BannerService","msg":"DB-System: postgres"}
{"level":30,"time":1685364864298,"pid":8612,"hostname":"HKA-laptop","class":"BannerService","msg":"Betriebssystem: Windows_NT (10.0.22621)"}
{"level":30,"time":1685364864298,"pid":8612,"hostname":"HKA-laptop","class":"BannerService","msg":"Username: Janni"}
{"level":30,"time":1685364864298,"pid":8612,"hostname":"HKA-laptop","class":"BannerService","msg":"GraphQL playground: /graphql"}
{"level":30,"time":1685364867151,"pid":8612,"hostname":"HKA-laptop","class":"UserService","msg":"users=[{\"userId\":1,\"username\":\"admin\",\"password\":\"$argon2i$v=19$m=4096,t=3,p=1$aaxA2v/9rRSPGkwYN+NQog$27Huii1XtD3iEd62fog+04G26LRPZMHoYCI6AGKTL8M\",\"email\":\"admin@acme.com\",\"roles\":[\"admin\",\"mitarbeiter\"]},{\"userId\":2,\"username\":\"adriana.alpha\",\"password\":\"$argon2i$v=19$m=4096,t=3,p=1$aaxA2v/9rRSPGkwYN+NQog$27Huii1XtD3iEd62fog+04G26LRPZMHoYCI6AGKTL8M\",\"email\":\"adriana.alpha@acme.com\",\"roles\":[\"admin\",\"mitarbeiter\"]},{\"userId\":3,\"username\":\"alfred.alpha\",\"password\":\"$argon2i$v=19$m=4096,t=3,p=1$aaxA2v/9rRSPGkwYN+NQog$27Huii1XtD3iEd62fog+04G26LRPZMHoYCI6AGKTL8M\",\"email\":\"alfred.alpha@acme.com\",\"roles\":[\"mitarbeiter\"]},{\"userId\":4,\"username\":\"antonia.alpha\",\"password\":\"$argon2i$v=19$m=4096,t=3,p=1$aaxA2v/9rRSPGkwYN+NQog$27Huii1XtD3iEd62fog+04G26LRPZMHoYCI6AGKTL8M\",\"email\":\"antonia.alpha@acme.com\",\"roles\":[\"mitarbeiter\"]},{\"userId\":5,\"username\":\"dirk.delta\",\"password\":\"$argon2i$v=19$m=4096,t=3,p=1$aaxA2v/9rRSPGkwYN+NQog$27Huii1XtD3iEd62fog+04G26LRPZMHoYCI6AGKTL8M\",\"email\":\"dirk.delta@acme.com\",\"roles\":[\"kunde\"]},{\"userId\":6,\"username\":\"emilia.epsilon\",\"password\":\"$argon2i$v=19$m=4096,t=3,p=1$aaxA2v/9rRSPGkwYN+NQog$27Huii1XtD3iEd62fog+04G26LRPZMHoYCI6AGKTL8M\",\"email\":\"emilia.epsilon@acme.com\",\"roles\":[\"kunde\"]}]"}
{"level":40,"time":1685364867385,"pid":8612,"hostname":"HKA-laptop","class":"DbPopulateService","msg":"postgres: DB wird neu geladen"}
{"level":40,"time":1685364868132,"pid":8612,"hostname":"HKA-laptop","class":"DbPopulateService","msg":"DB wurde neu geladen"}
{"level":30,"time":1685364868133,"pid":8612,"hostname":"HKA-laptop","class":"BannerService","msg":"Node: v19.7.0"}
{"level":30,"time":1685364868133,"pid":8612,"hostname":"HKA-laptop","class":"BannerService","msg":"NODE_ENV: test"}
{"level":30,"time":1685364868133,"pid":8612,"hostname":"HKA-laptop","class":"BannerService","msg":"Kubernetes: N/A"}
{"level":30,"time":1685364868133,"pid":8612,"hostname":"HKA-laptop","class":"BannerService","msg":"Rechnername: HKA-laptop"}
{"level":30,"time":1685364868133,"pid":8612,"hostname":"HKA-laptop","class":"BannerService","msg":"Port: 3000"}
{"level":30,"time":1685364868133,"pid":8612,"hostname":"HKA-laptop","class":"BannerService","msg":"HTTPS"}
{"level":30,"time":1685364868133,"pid":8612,"hostname":"HKA-laptop","class":"BannerService","msg":"DB-System: postgres"}
{"level":30,"time":1685364868133,"pid":8612,"hostname":"HKA-laptop","class":"BannerService","msg":"Betriebssystem: Windows_NT (10.0.22621)"}
{"level":30,"time":1685364868133,"pid":8612,"hostname":"HKA-laptop","class":"BannerService","msg":"Username: Janni"}
{"level":30,"time":1685364868134,"pid":8612,"hostname":"HKA-laptop","class":"BannerService","msg":"GraphQL playground: /graphql"}
{"level":30,"time":1685364871135,"pid":8612,"hostname":"HKA-laptop","class":"UserService","msg":"users=[{\"userId\":1,\"username\":\"admin\",\"password\":\"$argon2i$v=19$m=4096,t=3,p=1$aaxA2v/9rRSPGkwYN+NQog$27Huii1XtD3iEd62fog+04G26LRPZMHoYCI6AGKTL8M\",\"email\":\"admin@acme.com\",\"roles\":[\"admin\",\"mitarbeiter\"]},{\"userId\":2,\"username\":\"adriana.alpha\",\"password\":\"$argon2i$v=19$m=4096,t=3,p=1$aaxA2v/9rRSPGkwYN+NQog$27Huii1XtD3iEd62fog+04G26LRPZMHoYCI6AGKTL8M\",\"email\":\"adriana.alpha@acme.com\",\"roles\":[\"admin\",\"mitarbeiter\"]},{\"userId\":3,\"username\":\"alfred.alpha\",\"password\":\"$argon2i$v=19$m=4096,t=3,p=1$aaxA2v/9rRSPGkwYN+NQog$27Huii1XtD3iEd62fog+04G26LRPZMHoYCI6AGKTL8M\",\"email\":\"alfred.alpha@acme.com\",\"roles\":[\"mitarbeiter\"]},{\"userId\":4,\"username\":\"antonia.alpha\",\"password\":\"$argon2i$v=19$m=4096,t=3,p=1$aaxA2v/9rRSPGkwYN+NQog$27Huii1XtD3iEd62fog+04G26LRPZMHoYCI6AGKTL8M\",\"email\":\"antonia.alpha@acme.com\",\"roles\":[\"mitarbeiter\"]},{\"userId\":5,\"username\":\"dirk.delta\",\"password\":\"$argon2i$v=19$m=4096,t=3,p=1$aaxA2v/9rRSPGkwYN+NQog$27Huii1XtD3iEd62fog+04G26LRPZMHoYCI6AGKTL8M\",\"email\":\"dirk.delta@acme.com\",\"roles\":[\"kunde\"]},{\"userId\":6,\"username\":\"emilia.epsilon\",\"password\":\"$argon2i$v=19$m=4096,t=3,p=1$aaxA2v/9rRSPGkwYN+NQog$27Huii1XtD3iEd62fog+04G26LRPZMHoYCI6AGKTL8M\",\"email\":\"emilia.epsilon@acme.com\",\"roles\":[\"kunde\"]}]"}
{"level":40,"time":1685364871500,"pid":8612,"hostname":"HKA-laptop","class":"DbPopulateService","msg":"postgres: DB wird neu geladen"}
{"level":40,"time":1685364872358,"pid":8612,"hostname":"HKA-laptop","class":"DbPopulateService","msg":"DB wurde neu geladen"}
{"level":30,"time":1685364872358,"pid":8612,"hostname":"HKA-laptop","class":"BannerService","msg":"Node: v19.7.0"}
{"level":30,"time":1685364872358,"pid":8612,"hostname":"HKA-laptop","class":"BannerService","msg":"NODE_ENV: test"}
{"level":30,"time":1685364872358,"pid":8612,"hostname":"HKA-laptop","class":"BannerService","msg":"Kubernetes: N/A"}
{"level":30,"time":1685364872358,"pid":8612,"hostname":"HKA-laptop","class":"BannerService","msg":"Rechnername: HKA-laptop"}
{"level":30,"time":1685364872358,"pid":8612,"hostname":"HKA-laptop","class":"BannerService","msg":"Port: 3000"}
{"level":30,"time":1685364872358,"pid":8612,"hostname":"HKA-laptop","class":"BannerService","msg":"HTTPS"}
{"level":30,"time":1685364872358,"pid":8612,"hostname":"HKA-laptop","class":"BannerService","msg":"DB-System: postgres"}
{"level":30,"time":1685364872358,"pid":8612,"hostname":"HKA-laptop","class":"BannerService","msg":"Betriebssystem: Windows_NT (10.0.22621)"}
{"level":30,"time":1685364872359,"pid":8612,"hostname":"HKA-laptop","class":"BannerService","msg":"Username: Janni"}
{"level":30,"time":1685364872359,"pid":8612,"hostname":"HKA-laptop","class":"BannerService","msg":"GraphQL playground: /graphql"}
{"level":30,"time":1685364875459,"pid":8612,"hostname":"HKA-laptop","class":"UserService","msg":"users=[{\"userId\":1,\"username\":\"admin\",\"password\":\"$argon2i$v=19$m=4096,t=3,p=1$aaxA2v/9rRSPGkwYN+NQog$27Huii1XtD3iEd62fog+04G26LRPZMHoYCI6AGKTL8M\",\"email\":\"admin@acme.com\",\"roles\":[\"admin\",\"mitarbeiter\"]},{\"userId\":2,\"username\":\"adriana.alpha\",\"password\":\"$argon2i$v=19$m=4096,t=3,p=1$aaxA2v/9rRSPGkwYN+NQog$27Huii1XtD3iEd62fog+04G26LRPZMHoYCI6AGKTL8M\",\"email\":\"adriana.alpha@acme.com\",\"roles\":[\"admin\",\"mitarbeiter\"]},{\"userId\":3,\"username\":\"alfred.alpha\",\"password\":\"$argon2i$v=19$m=4096,t=3,p=1$aaxA2v/9rRSPGkwYN+NQog$27Huii1XtD3iEd62fog+04G26LRPZMHoYCI6AGKTL8M\",\"email\":\"alfred.alpha@acme.com\",\"roles\":[\"mitarbeiter\"]},{\"userId\":4,\"username\":\"antonia.alpha\",\"password\":\"$argon2i$v=19$m=4096,t=3,p=1$aaxA2v/9rRSPGkwYN+NQog$27Huii1XtD3iEd62fog+04G26LRPZMHoYCI6AGKTL8M\",\"email\":\"antonia.alpha@acme.com\",\"roles\":[\"mitarbeiter\"]},{\"userId\":5,\"username\":\"dirk.delta\",\"password\":\"$argon2i$v=19$m=4096,t=3,p=1$aaxA2v/9rRSPGkwYN+NQog$27Huii1XtD3iEd62fog+04G26LRPZMHoYCI6AGKTL8M\",\"email\":\"dirk.delta@acme.com\",\"roles\":[\"kunde\"]},{\"userId\":6,\"username\":\"emilia.epsilon\",\"password\":\"$argon2i$v=19$m=4096,t=3,p=1$aaxA2v/9rRSPGkwYN+NQog$27Huii1XtD3iEd62fog+04G26LRPZMHoYCI6AGKTL8M\",\"email\":\"emilia.epsilon@acme.com\",\"roles\":[\"kunde\"]}]"}
{"level":40,"time":1685364875686,"pid":8612,"hostname":"HKA-laptop","class":"DbPopulateService","msg":"postgres: DB wird neu geladen"}
{"level":40,"time":1685364876406,"pid":8612,"hostname":"HKA-laptop","class":"DbPopulateService","msg":"DB wurde neu geladen"}
{"level":30,"time":1685364876408,"pid":8612,"hostname":"HKA-laptop","class":"BannerService","msg":"Node: v19.7.0"}
{"level":30,"time":1685364876408,"pid":8612,"hostname":"HKA-laptop","class":"BannerService","msg":"NODE_ENV: test"}
{"level":30,"time":1685364876408,"pid":8612,"hostname":"HKA-laptop","class":"BannerService","msg":"Kubernetes: N/A"}
{"level":30,"time":1685364876408,"pid":8612,"hostname":"HKA-laptop","class":"BannerService","msg":"Rechnername: HKA-laptop"}
{"level":30,"time":1685364876408,"pid":8612,"hostname":"HKA-laptop","class":"BannerService","msg":"Port: 3000"}
{"level":30,"time":1685364876408,"pid":8612,"hostname":"HKA-laptop","class":"BannerService","msg":"HTTPS"}
{"level":30,"time":1685364876408,"pid":8612,"hostname":"HKA-laptop","class":"BannerService","msg":"DB-System: postgres"}
{"level":30,"time":1685364876408,"pid":8612,"hostname":"HKA-laptop","class":"BannerService","msg":"Betriebssystem: Windows_NT (10.0.22621)"}
{"level":30,"time":1685364876409,"pid":8612,"hostname":"HKA-laptop","class":"BannerService","msg":"Username: Janni"}
{"level":30,"time":1685364876409,"pid":8612,"hostname":"HKA-laptop","class":"BannerService","msg":"GraphQL playground: /graphql"}
{"level":30,"time":1685364878924,"pid":8612,"hostname":"HKA-laptop","class":"UserService","msg":"users=[{\"userId\":1,\"username\":\"admin\",\"password\":\"$argon2i$v=19$m=4096,t=3,p=1$aaxA2v/9rRSPGkwYN+NQog$27Huii1XtD3iEd62fog+04G26LRPZMHoYCI6AGKTL8M\",\"email\":\"admin@acme.com\",\"roles\":[\"admin\",\"mitarbeiter\"]},{\"userId\":2,\"username\":\"adriana.alpha\",\"password\":\"$argon2i$v=19$m=4096,t=3,p=1$aaxA2v/9rRSPGkwYN+NQog$27Huii1XtD3iEd62fog+04G26LRPZMHoYCI6AGKTL8M\",\"email\":\"adriana.alpha@acme.com\",\"roles\":[\"admin\",\"mitarbeiter\"]},{\"userId\":3,\"username\":\"alfred.alpha\",\"password\":\"$argon2i$v=19$m=4096,t=3,p=1$aaxA2v/9rRSPGkwYN+NQog$27Huii1XtD3iEd62fog+04G26LRPZMHoYCI6AGKTL8M\",\"email\":\"alfred.alpha@acme.com\",\"roles\":[\"mitarbeiter\"]},{\"userId\":4,\"username\":\"antonia.alpha\",\"password\":\"$argon2i$v=19$m=4096,t=3,p=1$aaxA2v/9rRSPGkwYN+NQog$27Huii1XtD3iEd62fog+04G26LRPZMHoYCI6AGKTL8M\",\"email\":\"antonia.alpha@acme.com\",\"roles\":[\"mitarbeiter\"]},{\"userId\":5,\"username\":\"dirk.delta\",\"password\":\"$argon2i$v=19$m=4096,t=3,p=1$aaxA2v/9rRSPGkwYN+NQog$27Huii1XtD3iEd62fog+04G26LRPZMHoYCI6AGKTL8M\",\"email\":\"dirk.delta@acme.com\",\"roles\":[\"kunde\"]},{\"userId\":6,\"username\":\"emilia.epsilon\",\"password\":\"$argon2i$v=19$m=4096,t=3,p=1$aaxA2v/9rRSPGkwYN+NQog$27Huii1XtD3iEd62fog+04G26LRPZMHoYCI6AGKTL8M\",\"email\":\"emilia.epsilon@acme.com\",\"roles\":[\"kunde\"]}]"}
{"level":40,"time":1685364879200,"pid":8612,"hostname":"HKA-laptop","class":"DbPopulateService","msg":"postgres: DB wird neu geladen"}
{"level":40,"time":1685364879932,"pid":8612,"hostname":"HKA-laptop","class":"DbPopulateService","msg":"DB wurde neu geladen"}
{"level":30,"time":1685364879932,"pid":8612,"hostname":"HKA-laptop","class":"BannerService","msg":"Node: v19.7.0"}
{"level":30,"time":1685364879932,"pid":8612,"hostname":"HKA-laptop","class":"BannerService","msg":"NODE_ENV: test"}
{"level":30,"time":1685364879932,"pid":8612,"hostname":"HKA-laptop","class":"BannerService","msg":"Kubernetes: N/A"}
{"level":30,"time":1685364879932,"pid":8612,"hostname":"HKA-laptop","class":"BannerService","msg":"Rechnername: HKA-laptop"}
{"level":30,"time":1685364879932,"pid":8612,"hostname":"HKA-laptop","class":"BannerService","msg":"Port: 3000"}
{"level":30,"time":1685364879932,"pid":8612,"hostname":"HKA-laptop","class":"BannerService","msg":"HTTPS"}
{"level":30,"time":1685364879933,"pid":8612,"hostname":"HKA-laptop","class":"BannerService","msg":"DB-System: postgres"}
{"level":30,"time":1685364879933,"pid":8612,"hostname":"HKA-laptop","class":"BannerService","msg":"Betriebssystem: Windows_NT (10.0.22621)"}
{"level":30,"time":1685364879933,"pid":8612,"hostname":"HKA-laptop","class":"BannerService","msg":"Username: Janni"}
{"level":30,"time":1685364879933,"pid":8612,"hostname":"HKA-laptop","class":"BannerService","msg":"GraphQL playground: /graphql"}
{"level":40,"time":1685364880325,"pid":8612,"hostname":"HKA-laptop","class":"MailService","msg":"#sendmail: Mail deaktiviert"}
{"level":40,"time":1685364880393,"pid":8612,"hostname":"HKA-laptop","class":"MailService","msg":"#sendmail: Fehler {\"errno\":-4078,\"code\":\"ESOCKET\",\"syscall\":\"connect\",\"address\":\"127.0.0.1\",\"port\":5025,\"command\":\"CONN\"}"}
{"level":30,"time":1685364883056,"pid":8612,"hostname":"HKA-laptop","class":"UserService","msg":"users=[{\"userId\":1,\"username\":\"admin\",\"password\":\"$argon2i$v=19$m=4096,t=3,p=1$aaxA2v/9rRSPGkwYN+NQog$27Huii1XtD3iEd62fog+04G26LRPZMHoYCI6AGKTL8M\",\"email\":\"admin@acme.com\",\"roles\":[\"admin\",\"mitarbeiter\"]},{\"userId\":2,\"username\":\"adriana.alpha\",\"password\":\"$argon2i$v=19$m=4096,t=3,p=1$aaxA2v/9rRSPGkwYN+NQog$27Huii1XtD3iEd62fog+04G26LRPZMHoYCI6AGKTL8M\",\"email\":\"adriana.alpha@acme.com\",\"roles\":[\"admin\",\"mitarbeiter\"]},{\"userId\":3,\"username\":\"alfred.alpha\",\"password\":\"$argon2i$v=19$m=4096,t=3,p=1$aaxA2v/9rRSPGkwYN+NQog$27Huii1XtD3iEd62fog+04G26LRPZMHoYCI6AGKTL8M\",\"email\":\"alfred.alpha@acme.com\",\"roles\":[\"mitarbeiter\"]},{\"userId\":4,\"username\":\"antonia.alpha\",\"password\":\"$argon2i$v=19$m=4096,t=3,p=1$aaxA2v/9rRSPGkwYN+NQog$27Huii1XtD3iEd62fog+04G26LRPZMHoYCI6AGKTL8M\",\"email\":\"antonia.alpha@acme.com\",\"roles\":[\"mitarbeiter\"]},{\"userId\":5,\"username\":\"dirk.delta\",\"password\":\"$argon2i$v=19$m=4096,t=3,p=1$aaxA2v/9rRSPGkwYN+NQog$27Huii1XtD3iEd62fog+04G26LRPZMHoYCI6AGKTL8M\",\"email\":\"dirk.delta@acme.com\",\"roles\":[\"kunde\"]},{\"userId\":6,\"username\":\"emilia.epsilon\",\"password\":\"$argon2i$v=19$m=4096,t=3,p=1$aaxA2v/9rRSPGkwYN+NQog$27Huii1XtD3iEd62fog+04G26LRPZMHoYCI6AGKTL8M\",\"email\":\"emilia.epsilon@acme.com\",\"roles\":[\"kunde\"]}]"}
{"level":40,"time":1685364883324,"pid":8612,"hostname":"HKA-laptop","class":"DbPopulateService","msg":"postgres: DB wird neu geladen"}
{"level":40,"time":1685364884204,"pid":8612,"hostname":"HKA-laptop","class":"DbPopulateService","msg":"DB wurde neu geladen"}
{"level":30,"time":1685364884205,"pid":8612,"hostname":"HKA-laptop","class":"BannerService","msg":"Node: v19.7.0"}
{"level":30,"time":1685364884205,"pid":8612,"hostname":"HKA-laptop","class":"BannerService","msg":"NODE_ENV: test"}
{"level":30,"time":1685364884205,"pid":8612,"hostname":"HKA-laptop","class":"BannerService","msg":"Kubernetes: N/A"}
{"level":30,"time":1685364884205,"pid":8612,"hostname":"HKA-laptop","class":"BannerService","msg":"Rechnername: HKA-laptop"}
{"level":30,"time":1685364884205,"pid":8612,"hostname":"HKA-laptop","class":"BannerService","msg":"Port: 3000"}
{"level":30,"time":1685364884205,"pid":8612,"hostname":"HKA-laptop","class":"BannerService","msg":"HTTPS"}
{"level":30,"time":1685364884205,"pid":8612,"hostname":"HKA-laptop","class":"BannerService","msg":"DB-System: postgres"}
{"level":30,"time":1685364884205,"pid":8612,"hostname":"HKA-laptop","class":"BannerService","msg":"Betriebssystem: Windows_NT (10.0.22621)"}
{"level":30,"time":1685364884205,"pid":8612,"hostname":"HKA-laptop","class":"BannerService","msg":"Username: Janni"}
{"level":30,"time":1685364884206,"pid":8612,"hostname":"HKA-laptop","class":"BannerService","msg":"GraphQL playground: /graphql"}
